<?xml version="1.0" encoding="UTF-8"?>
<!-- Generated by org.testng.reporters.JUnitReportReporter -->
<testsuite hostname="INLN56579460A" name="test1.Ex10" tests="3" failures="0" timestamp="14 Oct 2020 13:00:33 GMT" time="0.055" errors="0">
  <testcase name="t2" time="0.033" classname="test1.Ex10"/>
  <testcase name="t1" time="0.013" classname="test1.Ex10"/>
  <testcase name="t3" time="0.009" classname="test1.Ex10"/>
</testsuite> <!-- test1.Ex10 -->
