<?xml version="1.0" encoding="UTF-8"?>
<!-- Generated by org.testng.reporters.JUnitReportReporter -->
<testsuite hostname="INLN56579460A" name="test0.Ex14Priority" tests="3" failures="0" timestamp="16 Jun 2021 07:34:59 GMT" time="0.057" errors="0">
  <testcase name="boycott" time="0.007" classname="test0.Ex14Priority"/>
  <testcase name="apple" time="0.004" classname="test0.Ex14Priority"/>
  <testcase name="test5" time="0.046" classname="test0.Ex14Priority"/>
</testsuite> <!-- test0.Ex14Priority -->
