<?xml version="1.0" encoding="UTF-8"?>
<!-- Generated by org.testng.reporters.JUnitReportReporter -->
<testsuite hostname="INLN56579460A" name="testFb.Test7_1KeysGoogle" tests="1" failures="0" timestamp="4 Nov 2020 17:34:56 GMT" time="14.985" errors="0">
  <testcase name="t5" time="14.985" classname="testFb.Test7_1KeysGoogle"/>
</testsuite> <!-- testFb.Test7_1KeysGoogle -->
