<?xml version="1.0" encoding="UTF-8"?>
<!-- Generated by org.testng.reporters.JUnitReportReporter -->
<testsuite hostname="INLN56579460A" name="test1.Ex16annotations" tests="3" failures="0" timestamp="14 Oct 2020 13:47:13 GMT" time="0.045" errors="0">
  <testcase name="T1" time="0.024" classname="test1.Ex16annotations"/>
  <testcase name="T3" time="0.013" classname="test1.Ex16annotations"/>
  <testcase name="T2" time="0.008" classname="test1.Ex16annotations"/>
</testsuite> <!-- test1.Ex16annotations -->
