<?xml version="1.0" encoding="UTF-8"?>
<!-- Generated by org.testng.reporters.JUnitReportReporter -->
<testsuite hostname="INLN56579460A" name="keywords2.Login" tests="1" failures="0" timestamp="28 Nov 2020 23:29:05 GMT" time="3.392" errors="0">
  <testcase name="performLogin" time="3.392" classname="keywords2.Login"/>
</testsuite> <!-- keywords2.Login -->
