<?xml version="1.0" encoding="UTF-8"?>
<!-- Generated by org.testng.reporters.JUnitReportReporter -->
<testsuite hostname="INLN56579460A" name="testFb.TestUpload" tests="1" failures="0" timestamp="27 Oct 2020 11:37:55 GMT" time="22.631" errors="0">
  <testcase name="main" time="22.631" classname="testFb.TestUpload"/>
</testsuite> <!-- testFb.TestUpload -->
