<?xml version="1.0" encoding="UTF-8"?>
<!-- Generated by org.testng.reporters.JUnitReportReporter -->
<testsuite hostname="INLN56579460A" name="testhybrid.Login2" tests="4" failures="0" timestamp="29 Nov 2020 00:07:27 GMT" time="2.436" errors="0">
  <testcase name="performLogin" time="0.464" classname="testhybrid.Login2"/>
  <testcase name="performLogin" time="0.513" classname="testhybrid.Login2"/>
  <testcase name="performLogin" time="1.055" classname="testhybrid.Login2"/>
  <testcase name="performLogin" time="0.404" classname="testhybrid.Login2"/>
</testsuite> <!-- testhybrid.Login2 -->
