<?xml version="1.0" encoding="UTF-8"?>
<!-- Generated by org.testng.reporters.JUnitReportReporter -->
<testsuite hostname="INLN56579460A" name="test3.suiteEx.Test4" tests="1" failures="0" timestamp="18 Oct 2020 14:00:09 GMT" time="0.019" errors="0">
  <testcase name="t4_2" time="0.019" classname="test3.suiteEx.Test4"/>
</testsuite> <!-- test3.suiteEx.Test4 -->
