<?xml version="1.0" encoding="UTF-8"?>
<!-- Generated by org.testng.reporters.JUnitReportReporter -->
<testsuite hostname="INLN56579460A" name="testGroup.Ex2" tests="3" failures="0" timestamp="15 Oct 2020 12:56:30 GMT" time="0.013" errors="0">
  <testcase name="t6" time="0.005" classname="testGroup.Ex2"/>
  <testcase name="t5" time="0.005" classname="testGroup.Ex2"/>
  <testcase name="t4" time="0.003" classname="testGroup.Ex2"/>
</testsuite> <!-- testGroup.Ex2 -->
