<?xml version="1.0" encoding="UTF-8"?>
<!-- Generated by org.testng.reporters.JUnitReportReporter -->
<testsuite hostname="INLN56579460A" name="testGroup.Ex1" tests="2" failures="0" timestamp="15 Oct 2020 12:56:30 GMT" time="0.040" errors="0">
  <testcase name="t1" time="0.035" classname="testGroup.Ex1"/>
  <testcase name="t3" time="0.005" classname="testGroup.Ex1"/>
</testsuite> <!-- testGroup.Ex1 -->
