<?xml version="1.0" encoding="UTF-8"?>
<!-- Generated by org.testng.reporters.JUnitReportReporter -->
<testsuite hostname="INLN56579460A" name="test4.dataProvier.TestDataProvider1" tests="5" failures="0" timestamp="21 Oct 2020 13:26:41 GMT" time="0.038" errors="0">
  <testcase name="testData" time="0.005" classname="test4.dataProvier.TestDataProvider1"/>
  <testcase name="testData" time="0.004" classname="test4.dataProvier.TestDataProvider1"/>
  <testcase name="testData" time="0.004" classname="test4.dataProvier.TestDataProvider1"/>
  <testcase name="testData" time="0.022" classname="test4.dataProvier.TestDataProvider1"/>
  <testcase name="testData" time="0.003" classname="test4.dataProvier.TestDataProvider1"/>
</testsuite> <!-- test4.dataProvier.TestDataProvider1 -->
