<?xml version="1.0" encoding="UTF-8"?>
<!-- Generated by org.testng.reporters.JUnitReportReporter -->
<testsuite hostname="INLN56579460A" name="test1.Ex4Before" tests="3" failures="0" timestamp="14 Oct 2020 13:43:29 GMT" time="0.080" errors="0">
  <testcase name="T2" time="0.019" classname="test1.Ex4Before"/>
  <testcase name="T1" time="0.051" classname="test1.Ex4Before"/>
  <testcase name="T3" time="0.010" classname="test1.Ex4Before"/>
</testsuite> <!-- test1.Ex4Before -->
