<?xml version="1.0" encoding="UTF-8"?>
<!-- Generated by org.testng.reporters.JUnitReportReporter -->
<testsuite hostname="INLN56579460A" name="WithoutPom.TestAddemp" tests="1" failures="0" timestamp="20 Nov 2020 10:31:13 GMT" time="20.254" errors="0">
  <testcase name="addEmpSuccess" time="20.254" classname="WithoutPom.TestAddemp"/>
</testsuite> <!-- WithoutPom.TestAddemp -->
