<?xml version="1.0" encoding="UTF-8"?>
<!-- Generated by org.testng.reporters.JUnitReportReporter -->
<testsuite hostname="INLN56579460A" name="test5.group.GroupTest" tests="6" failures="0" timestamp="20 Oct 2020 13:17:55 GMT" time="0.035" errors="0">
  <testcase name="changepwd" time="0.019" classname="test5.group.GroupTest"/>
  <testcase name="register2" time="0.003" classname="test5.group.GroupTest"/>
  <testcase name="loginSuccess" time="0.005" classname="test5.group.GroupTest"/>
  <testcase name="loginFailure" time="0.003" classname="test5.group.GroupTest"/>
  <testcase name="register1" time="0.003" classname="test5.group.GroupTest"/>
  <testcase name="loginx" time="0.002" classname="test5.group.GroupTest"/>
</testsuite> <!-- test5.group.GroupTest -->
