<?xml version="1.0" encoding="UTF-8"?>
<!-- Generated by org.testng.reporters.JUnitReportReporter -->
<testsuite hostname="INLN56579460A" name="testFb.Test8MouseHover" tests="1" failures="0" timestamp="1 Nov 2020 07:23:47 GMT" time="28.937" errors="0">
  <testcase name="keyActions" time="28.937" classname="testFb.Test8MouseHover"/>
</testsuite> <!-- testFb.Test8MouseHover -->
