<?xml version="1.0" encoding="UTF-8"?>
<!-- Generated by org.testng.reporters.JUnitReportReporter -->
<testsuite hostname="INLN56579460A" name="test15PiDataProvidersEx.readExcelGoogle" tests="3" failures="0" timestamp="24 Oct 2020 08:48:01 GMT" time="59.417" errors="0">
  <testcase name="Registration_data" time="19.074" classname="test15PiDataProvidersEx.readExcelGoogle"/>
  <testcase name="Registration_data" time="20.787" classname="test15PiDataProvidersEx.readExcelGoogle"/>
  <testcase name="Registration_data" time="19.556" classname="test15PiDataProvidersEx.readExcelGoogle"/>
</testsuite> <!-- test15PiDataProvidersEx.readExcelGoogle -->
