<?xml version="1.0" encoding="UTF-8"?>
<!-- Generated by org.testng.reporters.JUnitReportReporter -->
<testsuite hostname="INLN56579460A" name="testFb.Test1" tests="1" failures="0" timestamp="26 Oct 2020 13:32:52 GMT" time="19.217" errors="0">
  <testcase name="testPassword" time="19.217" classname="testFb.Test1"/>
</testsuite> <!-- testFb.Test1 -->
