<?xml version="1.0" encoding="UTF-8"?>
<!-- Generated by org.testng.reporters.JUnitReportReporter -->
<testsuite hostname="INLN56579460A" name="test15PiDataProvidersEx.TestDataExcel" tests="3" failures="0" timestamp="24 Oct 2020 06:06:14 GMT" time="0.022" errors="0">
  <testcase name="Registration_data" time="0.002" classname="test15PiDataProvidersEx.TestDataExcel"/>
  <testcase name="Registration_data" time="0.004" classname="test15PiDataProvidersEx.TestDataExcel"/>
  <testcase name="Registration_data" time="0.016" classname="test15PiDataProvidersEx.TestDataExcel"/>
</testsuite> <!-- test15PiDataProvidersEx.TestDataExcel -->
