<?xml version="1.0" encoding="UTF-8"?>
<!-- Generated by org.testng.reporters.JUnitReportReporter -->
<testsuite hostname="INLN56579460A" name="test1.Ex1" tests="3" failures="0" timestamp="14 Oct 2020 12:52:20 GMT" time="51.443" errors="0">
  <testcase name="verifyYT" time="19.647" classname="test1.Ex1"/>
  <testcase name="verifyGmail" time="17.114" classname="test1.Ex1"/>
  <testcase name="verifyFb" time="14.682" classname="test1.Ex1"/>
</testsuite> <!-- test1.Ex1 -->
