<?xml version="1.0" encoding="UTF-8"?>
<!-- Generated by org.testng.reporters.JUnitReportReporter -->
<testsuite hostname="INLN56579460A" name="testFb.Test5Xpath" tests="1" failures="0" timestamp="28 Oct 2020 16:32:00 GMT" time="19.790" errors="0">
  <testcase name="t5" time="19.790" classname="testFb.Test5Xpath"/>
</testsuite> <!-- testFb.Test5Xpath -->
