<?xml version="1.0" encoding="UTF-8"?>
<!-- Generated by org.testng.reporters.JUnitReportReporter -->
<testsuite hostname="INLN56579460A" name="testFb.Test0Facebook" tests="1" failures="0" timestamp="8 Nov 2020 05:13:58 GMT" time="7.881" errors="0">
  <testcase name="testFacebookLogin" time="7.881" classname="testFb.Test0Facebook"/>
</testsuite> <!-- testFb.Test0Facebook -->
