<?xml version="1.0" encoding="UTF-8"?>
<!-- Generated by org.testng.reporters.JUnitReportReporter -->
<testsuite hostname="INLN56579460A" name="testFb.Test1" tests="1" failures="0" timestamp="27 Oct 2020 11:45:48 GMT" time="16.806" errors="0">
  <testcase name="testHidden" time="16.806" classname="testFb.Test1"/>
</testsuite> <!-- testFb.Test1 -->
