<?xml version="1.0" encoding="UTF-8"?>
<!-- Generated by org.testng.reporters.JUnitReportReporter -->
<testsuite hostname="INLN56579460A" name="test6.depends.TestMethodDepends$Dependent" tests="3" failures="0" timestamp="20 Oct 2020 13:15:33 GMT" time="0.039" errors="0">
  <testcase name="logout" time="0.003" classname="test6.depends.TestMethodDepends$Dependent"/>
  <testcase name="login" time="0.031" classname="test6.depends.TestMethodDepends$Dependent"/>
  <testcase name="createAccount" time="0.005" classname="test6.depends.TestMethodDepends$Dependent"/>
</testsuite> <!-- test6.depends.TestMethodDepends$Dependent -->
