<?xml version="1.0" encoding="UTF-8"?>
<!-- Generated by org.testng.reporters.JUnitReportReporter -->
<testsuite hostname="INLN56579460A" name="testkeywords.Login" tests="1" failures="0" timestamp="29 Nov 2020 00:04:53 GMT" time="4.182" errors="0">
  <testcase name="performLogin" time="4.182" classname="testkeywords.Login"/>
</testsuite> <!-- testkeywords.Login -->
