<?xml version="1.0" encoding="UTF-8"?>
<!-- Generated by org.testng.reporters.JUnitReportReporter -->
<testsuite hostname="INLN56579460A" name="test1.Ex15PriorityAndNonPrio" tests="5" failures="0" timestamp="14 Oct 2020 13:33:30 GMT" time="0.062" errors="0">
  <testcase name="b_method" time="0.023" classname="test1.Ex15PriorityAndNonPrio"/>
  <testcase name="a_method" time="0.006" classname="test1.Ex15PriorityAndNonPrio"/>
  <testcase name="c_method" time="0.023" classname="test1.Ex15PriorityAndNonPrio"/>
  <testcase name="e_method" time="0.003" classname="test1.Ex15PriorityAndNonPrio"/>
  <testcase name="d_method" time="0.007" classname="test1.Ex15PriorityAndNonPrio"/>
</testsuite> <!-- test1.Ex15PriorityAndNonPrio -->
