<?xml version="1.0" encoding="UTF-8"?>
<!-- Generated by org.testng.reporters.JUnitReportReporter -->
<testsuite hostname="INLN56579460A" name="test4.dataProvier.TestDataProvider11" tests="5" failures="0" timestamp="24 Oct 2020 08:44:26 GMT" time="0.030" errors="0">
  <testcase name="testData" time="0.003" classname="test4.dataProvier.TestDataProvider11"/>
  <testcase name="testData" time="0.015" classname="test4.dataProvier.TestDataProvider11"/>
  <testcase name="testData" time="0.004" classname="test4.dataProvier.TestDataProvider11"/>
  <testcase name="testData" time="0.006" classname="test4.dataProvier.TestDataProvider11"/>
  <testcase name="testData" time="0.002" classname="test4.dataProvier.TestDataProvider11"/>
</testsuite> <!-- test4.dataProvier.TestDataProvider11 -->
