<?xml version="1.0" encoding="UTF-8"?>
<!-- Generated by org.testng.reporters.JUnitReportReporter -->
<testsuite hostname="INLN56579460A" name="hybrid2.Login" tests="21" failures="0" timestamp="28 Nov 2020 23:45:30 GMT" time="2.343" errors="0">
  <testcase name="performLogin" time="0.189" classname="hybrid2.Login"/>
  <testcase name="performLogin" time="0.104" classname="hybrid2.Login"/>
  <testcase name="performLogin" time="0.105" classname="hybrid2.Login"/>
  <testcase name="performLogin" time="0.122" classname="hybrid2.Login"/>
  <testcase name="performLogin" time="0.136" classname="hybrid2.Login"/>
  <testcase name="performLogin" time="0.116" classname="hybrid2.Login"/>
  <testcase name="performLogin" time="0.107" classname="hybrid2.Login"/>
  <testcase name="performLogin" time="0.001" classname="hybrid2.Login"/>
  <testcase name="performLogin" time="0.103" classname="hybrid2.Login"/>
  <testcase name="performLogin" time="0.113" classname="hybrid2.Login"/>
  <testcase name="performLogin" time="0.073" classname="hybrid2.Login"/>
  <testcase name="performLogin" time="0.080" classname="hybrid2.Login"/>
  <testcase name="performLogin" time="0.113" classname="hybrid2.Login"/>
  <testcase name="performLogin" time="0.002" classname="hybrid2.Login"/>
  <testcase name="performLogin" time="0.114" classname="hybrid2.Login"/>
  <testcase name="performLogin" time="0.099" classname="hybrid2.Login"/>
  <testcase name="performLogin" time="0.143" classname="hybrid2.Login"/>
  <testcase name="performLogin" time="0.223" classname="hybrid2.Login"/>
  <testcase name="performLogin" time="0.005" classname="hybrid2.Login"/>
  <testcase name="performLogin" time="0.393" classname="hybrid2.Login"/>
  <testcase name="performLogin" time="0.002" classname="hybrid2.Login"/>
</testsuite> <!-- hybrid2.Login -->
