<?xml version="1.0" encoding="UTF-8"?>
<!-- Generated by org.testng.reporters.JUnitReportReporter -->
<testsuite hostname="INLN56579460A" name="testkeywords.TestLogin" tests="1" failures="0" timestamp="29 Nov 2020 07:57:03 GMT" time="4.653" errors="0">
  <testcase name="performLogin" time="4.653" classname="testkeywords.TestLogin"/>
</testsuite> <!-- testkeywords.TestLogin -->
