<?xml version="1.0" encoding="UTF-8"?>
<!-- Generated by org.testng.reporters.JUnitReportReporter -->
<testsuite hostname="INLN56579460A" name="test4.dataProvier.TestDataProvider4" tests="5" failures="0" timestamp="21 Oct 2020 13:43:15 GMT" time="88.358" errors="0">
  <testcase name="testData" time="18.454" classname="test4.dataProvier.TestDataProvider4"/>
  <testcase name="testData" time="16.630" classname="test4.dataProvier.TestDataProvider4"/>
  <testcase name="testData" time="16.928" classname="test4.dataProvier.TestDataProvider4"/>
  <testcase name="testData" time="18.044" classname="test4.dataProvier.TestDataProvider4"/>
  <testcase name="testData" time="18.302" classname="test4.dataProvier.TestDataProvider4"/>
</testsuite> <!-- test4.dataProvier.TestDataProvider4 -->
