<?xml version="1.0" encoding="UTF-8"?>
<!-- Generated by org.testng.reporters.JUnitReportReporter -->
<testsuite hostname="INLN56579460A" name="test3.suiteEx.Test5" tests="2" failures="0" timestamp="18 Oct 2020 14:00:27 GMT" time="0.051" errors="0">
  <testcase name="testCase1" time="0.047" classname="test3.suiteEx.Test5"/>
  <testcase name="testCase2" time="0.004" classname="test3.suiteEx.Test5"/>
</testsuite> <!-- test3.suiteEx.Test5 -->
