<?xml version="1.0" encoding="UTF-8"?>
<!-- Generated by org.testng.reporters.JUnitReportReporter -->
<testsuite hostname="INLN56579460A" name="testhybrid.Login" tests="21" failures="0" timestamp="29 Nov 2020 00:06:31 GMT" time="3.142" errors="0">
  <testcase name="performLogin" time="0.001" classname="testhybrid.Login"/>
  <testcase name="performLogin" time="0.140" classname="testhybrid.Login"/>
  <testcase name="performLogin" time="0.185" classname="testhybrid.Login"/>
  <testcase name="performLogin" time="0.001" classname="testhybrid.Login"/>
  <testcase name="performLogin" time="0.098" classname="testhybrid.Login"/>
  <testcase name="performLogin" time="0.154" classname="testhybrid.Login"/>
  <testcase name="performLogin" time="0.168" classname="testhybrid.Login"/>
  <testcase name="performLogin" time="0.287" classname="testhybrid.Login"/>
  <testcase name="performLogin" time="0.117" classname="testhybrid.Login"/>
  <testcase name="performLogin" time="0.195" classname="testhybrid.Login"/>
  <testcase name="performLogin" time="0.007" classname="testhybrid.Login"/>
  <testcase name="performLogin" time="0.119" classname="testhybrid.Login"/>
  <testcase name="performLogin" time="0.215" classname="testhybrid.Login"/>
  <testcase name="performLogin" time="0.090" classname="testhybrid.Login"/>
  <testcase name="performLogin" time="0.154" classname="testhybrid.Login"/>
  <testcase name="performLogin" time="0.564" classname="testhybrid.Login"/>
  <testcase name="performLogin" time="0.175" classname="testhybrid.Login"/>
  <testcase name="performLogin" time="0.001" classname="testhybrid.Login"/>
  <testcase name="performLogin" time="0.136" classname="testhybrid.Login"/>
  <testcase name="performLogin" time="0.156" classname="testhybrid.Login"/>
  <testcase name="performLogin" time="0.179" classname="testhybrid.Login"/>
</testsuite> <!-- testhybrid.Login -->
