<?xml version="1.0" encoding="UTF-8"?>
<!-- Generated by org.testng.reporters.JUnitReportReporter -->
<testsuite hostname="INLN56579460A" name="test8.parallel.Ex1" tests="1" failures="0" timestamp="21 Oct 2020 13:10:22 GMT" time="11.229" errors="0">
  <testcase name="verifyHomepageTitle2" time="11.229" classname="test8.parallel.Ex1"/>
</testsuite> <!-- test8.parallel.Ex1 -->
