<?xml version="1.0" encoding="UTF-8"?>
<!-- Generated by org.testng.reporters.JUnitReportReporter -->
<testsuite hostname="INLN56579460A" name="test4.dataProvier.TestDataProvider4Google" tests="1" failures="0" timestamp="24 Oct 2020 16:12:48 GMT" time="23.579" errors="0">
  <testcase name="testData2" time="23.579" classname="test4.dataProvier.TestDataProvider4Google"/>
</testsuite> <!-- test4.dataProvier.TestDataProvider4Google -->
