<?xml version="1.0" encoding="UTF-8"?>
<!-- Generated by org.testng.reporters.JUnitReportReporter -->
<testsuite hostname="INLN56579460A" name="testFb.Test9DragAndDrop" tests="1" failures="0" timestamp="1 Nov 2020 07:57:34 GMT" time="27.599" errors="0">
  <testcase name="t1" time="27.599" classname="testFb.Test9DragAndDrop"/>
</testsuite> <!-- testFb.Test9DragAndDrop -->
