<?xml version="1.0" encoding="UTF-8"?>
<!-- Generated by org.testng.reporters.JUnitReportReporter -->
<testsuite hostname="INLN56579460A" name="hybrid2.Login2" tests="4" failures="0" timestamp="28 Nov 2020 23:54:21 GMT" time="13.130" errors="0">
  <testcase name="performLogin" time="11.755" classname="hybrid2.Login2"/>
  <testcase name="performLogin" time="0.385" classname="hybrid2.Login2"/>
  <testcase name="performLogin" time="0.636" classname="hybrid2.Login2"/>
  <testcase name="performLogin" time="0.354" classname="hybrid2.Login2"/>
</testsuite> <!-- hybrid2.Login2 -->
