<?xml version="1.0" encoding="UTF-8"?>
<!-- Generated by org.testng.reporters.JUnitReportReporter -->
<testsuite hostname="INLN56579460A" name="testFb.Test7_3CtrlC_ContrlV" tests="1" failures="0" timestamp="3 Nov 2020 14:38:02 GMT" time="37.236" errors="0">
  <testcase name="keyActions" time="37.236" classname="testFb.Test7_3CtrlC_ContrlV"/>
</testsuite> <!-- testFb.Test7_3CtrlC_ContrlV -->
