<?xml version="1.0" encoding="UTF-8"?>
<!-- Generated by org.testng.reporters.JUnitReportReporter -->
<testsuite hostname="INLN56579460A" name="test1.Ex17Skip" tests="3" failures="0" timestamp="15 Oct 2020 12:45:17 GMT" time="0.034" errors="0">
  <testcase name="T1" time="0.023" classname="test1.Ex17Skip"/>
  <testcase name="T3" time="0.008" classname="test1.Ex17Skip"/>
  <testcase name="T2" time="0.003" classname="test1.Ex17Skip"/>
</testsuite> <!-- test1.Ex17Skip -->
