<?xml version="1.0" encoding="UTF-8"?>
<!-- Generated by org.testng.reporters.JUnitReportReporter -->
<testsuite hostname="INLN56579460A" name="test0.Ex9" tests="1" failures="0" timestamp="4 Jun 2021 17:02:05 GMT" time="0.045" errors="0">
  <testcase name="test1" time="0.045" classname="test0.Ex9"/>
</testsuite> <!-- test0.Ex9 -->
