<?xml version="1.0" encoding="UTF-8"?>
<!-- Generated by org.testng.reporters.JUnitReportReporter -->
<testsuite hostname="INLN56579460A" name="testFb.Test7KeysDownGoogle" tests="1" failures="0" timestamp="1 Nov 2020 06:25:01 GMT" time="21.696" errors="0">
  <testcase name="t2" time="21.696" classname="testFb.Test7KeysDownGoogle"/>
</testsuite> <!-- testFb.Test7KeysDownGoogle -->
