<?xml version="1.0" encoding="UTF-8"?>
<!-- Generated by org.testng.reporters.JUnitReportReporter -->
<testsuite hostname="INLN56579460A" name="testkeywords2.TestLogin" tests="1" failures="0" timestamp="29 Nov 2020 08:00:31 GMT" time="2.814" errors="0">
  <testcase name="performLogin" time="2.814" classname="testkeywords2.TestLogin"/>
</testsuite> <!-- testkeywords2.TestLogin -->
