<?xml version="1.0" encoding="UTF-8"?>
<!-- Generated by org.testng.reporters.JUnitReportReporter -->
<testsuite hostname="INLN56579460A" name="test15PiDataProvidersEx.TestDataExcelListEmp" tests="5" failures="0" timestamp="24 Oct 2020 06:38:58 GMT" time="0.035" errors="0">
  <testcase name="Registration_data" time="0.015" classname="test15PiDataProvidersEx.TestDataExcelListEmp"/>
  <testcase name="Registration_data" time="0.002" classname="test15PiDataProvidersEx.TestDataExcelListEmp"/>
  <testcase name="Registration_data" time="0.005" classname="test15PiDataProvidersEx.TestDataExcelListEmp"/>
  <testcase name="Registration_data" time="0.011" classname="test15PiDataProvidersEx.TestDataExcelListEmp"/>
  <testcase name="Registration_data" time="0.002" classname="test15PiDataProvidersEx.TestDataExcelListEmp"/>
</testsuite> <!-- test15PiDataProvidersEx.TestDataExcelListEmp -->
