<?xml version="1.0" encoding="UTF-8"?>
<!-- Generated by org.testng.reporters.JUnitReportReporter -->
<testsuite hostname="INLN56579460A" name="testFb.Test3MultiWindows" tests="1" failures="0" timestamp="28 Oct 2020 10:52:14 GMT" time="24.820" errors="0">
  <testcase name="testWindow" time="24.820" classname="testFb.Test3MultiWindows"/>
</testsuite> <!-- testFb.Test3MultiWindows -->
