<?xml version="1.0" encoding="UTF-8"?>
<!-- Generated by org.testng.reporters.JUnitReportReporter -->
<testsuite hostname="INLN56579460A" name="test2.log.TestLog" tests="2" failures="0" timestamp="15 Oct 2020 13:04:37 GMT" time="0.043" errors="0">
  <testcase name="t2" time="0.030" classname="test2.log.TestLog"/>
  <testcase name="t1" time="0.013" classname="test2.log.TestLog"/>
</testsuite> <!-- test2.log.TestLog -->
