<?xml version="1.0" encoding="UTF-8"?>
<!-- Generated by org.testng.reporters.JUnitReportReporter -->
<testsuite hostname="INLN56579460A" name="test1.Ex13" tests="4" failures="0" timestamp="14 Oct 2020 13:19:00 GMT" time="0.046" errors="0">
  <testcase name="test1" time="0.021" classname="test1.Ex13"/>
  <testcase name="test3" time="0.005" classname="test1.Ex13"/>
  <testcase name="test5" time="0.003" classname="test1.Ex13"/>
  <testcase name="test2" time="0.017" classname="test1.Ex13"/>
</testsuite> <!-- test1.Ex13 -->
