<?xml version="1.0" encoding="UTF-8"?>
<!-- Generated by org.testng.reporters.JUnitReportReporter -->
<testsuite hostname="INLN56579460A" name="test1.Ex14Priority" tests="4" failures="0" timestamp="14 Oct 2020 13:27:18 GMT" time="0.067" errors="0">
  <testcase name="apple" time="0.032" classname="test1.Ex14Priority"/>
  <testcase name="test5" time="0.029" classname="test1.Ex14Priority"/>
  <testcase name="boycott" time="0.004" classname="test1.Ex14Priority"/>
  <testcase name="test3" time="0.002" classname="test1.Ex14Priority"/>
</testsuite> <!-- test1.Ex14Priority -->
