<?xml version="1.0" encoding="UTF-8"?>
<!-- Generated by org.testng.reporters.JUnitReportReporter -->
<testsuite hostname="INLN56579460A" name="test1.Ex17Annotations" tests="2" failures="0" timestamp="15 Oct 2020 08:24:34 GMT" time="0.029" errors="0">
  <testcase name="T2" time="0.026" classname="test1.Ex17Annotations"/>
  <testcase name="T3" time="0.003" classname="test1.Ex17Annotations"/>
</testsuite> <!-- test1.Ex17Annotations -->
