<?xml version="1.0" encoding="UTF-8"?>
<!-- Generated by org.testng.reporters.JUnitReportReporter -->
<testsuite hostname="INLN56579460A" name="testkeywords2.Login" tests="1" failures="0" timestamp="29 Nov 2020 00:05:14 GMT" time="3.146" errors="0">
  <testcase name="performLogin" time="3.146" classname="testkeywords2.Login"/>
</testsuite> <!-- testkeywords2.Login -->
