<?xml version="1.0" encoding="UTF-8"?>
<!-- Generated by org.testng.reporters.JUnitReportReporter -->
<testsuite hostname="INLN56579460A" name="test3.suiteEx.Test4$TestngAnnotation" tests="2" failures="0" timestamp="18 Oct 2020 07:43:05 GMT" time="0.023" errors="0">
  <testcase name="t4_2" time="0.004" classname="test3.suiteEx.Test4$TestngAnnotation"/>
  <testcase name="t4_1" time="0.019" classname="test3.suiteEx.Test4$TestngAnnotation"/>
</testsuite> <!-- test3.suiteEx.Test4$TestngAnnotation -->
