<?xml version="1.0" encoding="UTF-8"?>
<!-- Generated by org.testng.reporters.JUnitReportReporter -->
<testsuite hostname="INLN56579460A" name="testGroup.Ex3" tests="3" failures="0" timestamp="15 Oct 2020 12:56:30 GMT" time="0.014" errors="0">
  <testcase name="t7" time="0.001" classname="testGroup.Ex3"/>
  <testcase name="t9" time="0.003" classname="testGroup.Ex3"/>
  <testcase name="t8" time="0.010" classname="testGroup.Ex3"/>
</testsuite> <!-- testGroup.Ex3 -->
