<?xml version="1.0" encoding="UTF-8"?>
<!-- Generated by org.testng.reporters.JUnitReportReporter -->
<testsuite hostname="INLN56579460A" name="test6.depends.TestGroupDepends$DependencyTestUsingAnnotation" tests="3" failures="0" timestamp="23 Oct 2020 12:01:35 GMT" time="0.031" errors="0">
  <testcase name="processUpdate" time="0.004" classname="test6.depends.TestGroupDepends$DependencyTestUsingAnnotation"/>
  <testcase name="createAcc2" time="0.002" classname="test6.depends.TestGroupDepends$DependencyTestUsingAnnotation"/>
  <testcase name="createAcc1" time="0.025" classname="test6.depends.TestGroupDepends$DependencyTestUsingAnnotation"/>
</testsuite> <!-- test6.depends.TestGroupDepends$DependencyTestUsingAnnotation -->
