<?xml version="1.0" encoding="UTF-8"?>
<!-- Generated by org.testng.reporters.JUnitReportReporter -->
<testsuite hostname="INLN56579460A" name="keywords.Login" tests="1" failures="0" timestamp="28 Nov 2020 22:57:02 GMT" time="2.363" errors="0">
  <testcase name="performLogin" time="2.363" classname="keywords.Login"/>
</testsuite> <!-- keywords.Login -->
