<?xml version="1.0" encoding="UTF-8"?>
<!-- Generated by org.testng.reporters.JUnitReportReporter -->
<testsuite hostname="INLN56579460A" name="testFb.Test5Xpath" tests="1" failures="0" timestamp="31 Oct 2020 08:09:05 GMT" time="22.272" errors="0">
  <testcase name="t5" time="22.272" classname="testFb.Test5Xpath"/>
</testsuite> <!-- testFb.Test5Xpath -->
