<?xml version="1.0" encoding="UTF-8"?>
<!-- Generated by org.testng.reporters.JUnitReportReporter -->
<testsuite hostname="INLN56579460A" name="test13.screenshotEx.Test1" tests="1" failures="0" timestamp="15 Oct 2020 13:31:32 GMT" time="41.520" errors="0">
  <testcase name="takeScreenShot" time="41.520" classname="test13.screenshotEx.Test1"/>
</testsuite> <!-- test13.screenshotEx.Test1 -->
